<?xml version="1.0" encoding="UTF-8" ?>
<testsuite tests="84" failures="0" name="Locacao.services.LocacaoServiceTest" time="0.484" errors="0" skipped="6">
  <properties>
[...]
</properties>
  <testcase classname="Locacao.services.LocacaoServiceTest" name="naoDeveAlugarFilmeParaUsuariosNegativados[Teste: [Descricao] Descricao 1]" time="0.166"/>
  <testcase classname="Locacao.services.LocacaoServiceTest" name="deveLocarcomPromocaoPara4Filmes[Teste: [Descricao] Descricao 1]" time="0.033"/>
  <testcase classname="Locacao.services.LocacaoServiceTest" name="deveAlugarFilmeParaUsuariosNaoNegativados[Teste: [Descricao] Descricao 1]" time="0.003"/>
  <testcase classname="Locacao.services.LocacaoServiceTest" name="deveLocarcomPromocaoPara5Filmes[Teste: [Descricao] Descricao 1]" time="0.005"/>
  <testcase classname="Locacao.services.LocacaoServiceTest" name="deveEnviarEmailParaLocacoesAtrasadas[Teste: [Descricao] Descricao 1]" time="0.003"/>
  <testcase classname="Locacao.services.LocacaoServiceTest" name="asserts[Teste: [Descricao] Descricao 1]" time="0.003"/>
  <testcase classname="Locacao.services.LocacaoServiceTest" name="testeLocacaoSemEstoqueNovaSemNomedoFilme[Teste: [Descricao] Descricao 1]" time="0.01"/>
  <testcase classname="Locacao.services.LocacaoServiceTest" name="testeLocacaoSemEstoqueRobustaSemNomeUsuario[Teste: [Descricao] Descricao 1]" time="0.005"/>
  <testcase classname="Locacao.services.LocacaoServiceTest" name="deveLocarcomPromocaoPara6Filmes[Teste: [Descricao] Descricao 1]" time="0.003"/>
  <testcase classname="Locacao.services.LocacaoServiceTest" name="testeLocacaoSemEstoqueElegante[Teste: [Descricao] Descricao 1]" time="0.003"/>
  <testcase classname="Locacao.services.LocacaoServiceTest" name="deveLocarcomPromocaoPara2Filmes[Teste: [Descricao] Descricao 1]" time="0.003"/>
  <testcase classname="Locacao.services.LocacaoServiceTest" name="deveDevolvoerNaSegundaAlugarnoSabado[Teste: [Descricao] Descricao 1]" time="0.004">
    <skipped/>
    <system-out>Antes do Metodo
11
depois do metodo
</system-out>
  </testcase>
  <testcase classname="Locacao.services.LocacaoServiceTest" name="deveLocarcomPromocaoPara3Filmes[Teste: [Descricao] Descricao 1]" time="0.002"/>
  <testcase classname="Locacao.services.LocacaoServiceTest" name="testeLocacaoErrorCollector[Teste: [Descricao] Descricao 1]" time="0.003"/>
  <testcase classname="Locacao.services.LocacaoServiceTest" name="naoDeveAlugarFilmeParaUsuariosNegativados[Teste: [Descricao] Descricao 2]" time="0.002"/>
  <testcase classname="Locacao.services.LocacaoServiceTest" name="deveLocarcomPromocaoPara4Filmes[Teste: [Descricao] Descricao 2]" time="0.003"/>
  <testcase classname="Locacao.services.LocacaoServiceTest" name="deveAlugarFilmeParaUsuariosNaoNegativados[Teste: [Descricao] Descricao 2]" time="0.002"/>
  <testcase classname="Locacao.services.LocacaoServiceTest" name="deveLocarcomPromocaoPara5Filmes[Teste: [Descricao] Descricao 2]" time="0.003"/>
  <testcase classname="Locacao.services.LocacaoServiceTest" name="deveEnviarEmailParaLocacoesAtrasadas[Teste: [Descricao] Descricao 2]" time="0.004"/>
  <testcase classname="Locacao.services.LocacaoServiceTest" name="asserts[Teste: [Descricao] Descricao 2]" time="0.007"/>
  <testcase classname="Locacao.services.LocacaoServiceTest" name="testeLocacaoSemEstoqueNovaSemNomedoFilme[Teste: [Descricao] Descricao 2]" time="0.003"/>
  <testcase classname="Locacao.services.LocacaoServiceTest" name="testeLocacaoSemEstoqueRobustaSemNomeUsuario[Teste: [Descricao] Descricao 2]" time="0.009"/>
  <testcase classname="Locacao.services.LocacaoServiceTest" name="deveLocarcomPromocaoPara6Filmes[Teste: [Descricao] Descricao 2]" time="0.004"/>
  <testcase classname="Locacao.services.LocacaoServiceTest" name="testeLocacaoSemEstoqueElegante[Teste: [Descricao] Descricao 2]" time="0.007"/>
  <testcase classname="Locacao.services.LocacaoServiceTest" name="deveLocarcomPromocaoPara2Filmes[Teste: [Descricao] Descricao 2]" time="0.006"/>
  <testcase classname="Locacao.services.LocacaoServiceTest" name="deveDevolvoerNaSegundaAlugarnoSabado[Teste: [Descricao] Descricao 2]" time="0.005">
    <skipped/>
    <system-out>Antes do Metodo
25
depois do metodo
</system-out>
  </testcase>
  <testcase classname="Locacao.services.LocacaoServiceTest" name="deveLocarcomPromocaoPara3Filmes[Teste: [Descricao] Descricao 2]" time="0"/>
  <testcase classname="Locacao.services.LocacaoServiceTest" name="testeLocacaoErrorCollector[Teste: [Descricao] Descricao 2]" time="0"/>
  <testcase classname="Locacao.services.LocacaoServiceTest" name="naoDeveAlugarFilmeParaUsuariosNegativados[Teste: [Descricao] Descricao 3]" time="0"/>
  <testcase classname="Locacao.services.LocacaoServiceTest" name="deveLocarcomPromocaoPara4Filmes[Teste: [Descricao] Descricao 3]" time="0.011"/>
  <testcase classname="Locacao.services.LocacaoServiceTest" name="deveAlugarFilmeParaUsuariosNaoNegativados[Teste: [Descricao] Descricao 3]" time="0.004"/>
  <testcase classname="Locacao.services.LocacaoServiceTest" name="deveLocarcomPromocaoPara5Filmes[Teste: [Descricao] Descricao 3]" time="0.005"/>
  <testcase classname="Locacao.services.LocacaoServiceTest" name="deveEnviarEmailParaLocacoesAtrasadas[Teste: [Descricao] Descricao 3]" time="0"/>
  <testcase classname="Locacao.services.LocacaoServiceTest" name="asserts[Teste: [Descricao] Descricao 3]" time="0.007"/>
  <testcase classname="Locacao.services.LocacaoServiceTest" name="testeLocacaoSemEstoqueNovaSemNomedoFilme[Teste: [Descricao] Descricao 3]" time="0"/>
  <testcase classname="Locacao.services.LocacaoServiceTest" name="testeLocacaoSemEstoqueRobustaSemNomeUsuario[Teste: [Descricao] Descricao 3]" time="0"/>
  <testcase classname="Locacao.services.LocacaoServiceTest" name="deveLocarcomPromocaoPara6Filmes[Teste: [Descricao] Descricao 3]" time="0.006"/>
  <testcase classname="Locacao.services.LocacaoServiceTest" name="testeLocacaoSemEstoqueElegante[Teste: [Descricao] Descricao 3]" time="0.006"/>
  <testcase classname="Locacao.services.LocacaoServiceTest" name="deveLocarcomPromocaoPara2Filmes[Teste: [Descricao] Descricao 3]" time="0.006"/>
  <testcase classname="Locacao.services.LocacaoServiceTest" name="deveDevolvoerNaSegundaAlugarnoSabado[Teste: [Descricao] Descricao 3]" time="0.001">
    <skipped/>
    <system-out>Antes do Metodo
39
depois do metodo
</system-out>
  </testcase>
  <testcase classname="Locacao.services.LocacaoServiceTest" name="deveLocarcomPromocaoPara3Filmes[Teste: [Descricao] Descricao 3]" time="0.002"/>
  <testcase classname="Locacao.services.LocacaoServiceTest" name="testeLocacaoErrorCollector[Teste: [Descricao] Descricao 3]" time="0.005"/>
  <testcase classname="Locacao.services.LocacaoServiceTest" name="naoDeveAlugarFilmeParaUsuariosNegativados[Teste: [Descricao] Descricao 4]" time="0.005"/>
  <testcase classname="Locacao.services.LocacaoServiceTest" name="deveLocarcomPromocaoPara4Filmes[Teste: [Descricao] Descricao 4]" time="0.001"/>
  <testcase classname="Locacao.services.LocacaoServiceTest" name="deveAlugarFilmeParaUsuariosNaoNegativados[Teste: [Descricao] Descricao 4]" time="0"/>
  <testcase classname="Locacao.services.LocacaoServiceTest" name="deveLocarcomPromocaoPara5Filmes[Teste: [Descricao] Descricao 4]" time="0.006"/>
  <testcase classname="Locacao.services.LocacaoServiceTest" name="deveEnviarEmailParaLocacoesAtrasadas[Teste: [Descricao] Descricao 4]" time="0"/>
  <testcase classname="Locacao.services.LocacaoServiceTest" name="asserts[Teste: [Descricao] Descricao 4]" time="0.001"/>
  <testcase classname="Locacao.services.LocacaoServiceTest" name="testeLocacaoSemEstoqueNovaSemNomedoFilme[Teste: [Descricao] Descricao 4]" time="0.002"/>
  <testcase classname="Locacao.services.LocacaoServiceTest" name="testeLocacaoSemEstoqueRobustaSemNomeUsuario[Teste: [Descricao] Descricao 4]" time="0.001"/>
  <testcase classname="Locacao.services.LocacaoServiceTest" name="deveLocarcomPromocaoPara6Filmes[Teste: [Descricao] Descricao 4]" time="0.002"/>
  <testcase classname="Locacao.services.LocacaoServiceTest" name="testeLocacaoSemEstoqueElegante[Teste: [Descricao] Descricao 4]" time="0.001"/>
  <testcase classname="Locacao.services.LocacaoServiceTest" name="deveLocarcomPromocaoPara2Filmes[Teste: [Descricao] Descricao 4]" time="0"/>
  <testcase classname="Locacao.services.LocacaoServiceTest" name="deveDevolvoerNaSegundaAlugarnoSabado[Teste: [Descricao] Descricao 4]" time="0">
    <skipped/>
    <system-out>Antes do Metodo
53
depois do metodo
</system-out>
  </testcase>
  <testcase classname="Locacao.services.LocacaoServiceTest" name="deveLocarcomPromocaoPara3Filmes[Teste: [Descricao] Descricao 4]" time="0.001"/>
  <testcase classname="Locacao.services.LocacaoServiceTest" name="testeLocacaoErrorCollector[Teste: [Descricao] Descricao 4]" time="0.001"/>
  <testcase classname="Locacao.services.LocacaoServiceTest" name="naoDeveAlugarFilmeParaUsuariosNegativados[Teste: [Descricao] Descricao 5]" time="0.002"/>
  <testcase classname="Locacao.services.LocacaoServiceTest" name="deveLocarcomPromocaoPara4Filmes[Teste: [Descricao] Descricao 5]" time="0.003"/>
  <testcase classname="Locacao.services.LocacaoServiceTest" name="deveAlugarFilmeParaUsuariosNaoNegativados[Teste: [Descricao] Descricao 5]" time="0.002"/>
  <testcase classname="Locacao.services.LocacaoServiceTest" name="deveLocarcomPromocaoPara5Filmes[Teste: [Descricao] Descricao 5]" time="0.003"/>
  <testcase classname="Locacao.services.LocacaoServiceTest" name="deveEnviarEmailParaLocacoesAtrasadas[Teste: [Descricao] Descricao 5]" time="0.002"/>
  <testcase classname="Locacao.services.LocacaoServiceTest" name="asserts[Teste: [Descricao] Descricao 5]" time="0.002"/>
  <testcase classname="Locacao.services.LocacaoServiceTest" name="testeLocacaoSemEstoqueNovaSemNomedoFilme[Teste: [Descricao] Descricao 5]" time="0.003"/>
  <testcase classname="Locacao.services.LocacaoServiceTest" name="testeLocacaoSemEstoqueRobustaSemNomeUsuario[Teste: [Descricao] Descricao 5]" time="0.003"/>
  <testcase classname="Locacao.services.LocacaoServiceTest" name="deveLocarcomPromocaoPara6Filmes[Teste: [Descricao] Descricao 5]" time="0.003"/>
  <testcase classname="Locacao.services.LocacaoServiceTest" name="testeLocacaoSemEstoqueElegante[Teste: [Descricao] Descricao 5]" time="0.005"/>
  <testcase classname="Locacao.services.LocacaoServiceTest" name="deveLocarcomPromocaoPara2Filmes[Teste: [Descricao] Descricao 5]" time="0.003"/>
  <testcase classname="Locacao.services.LocacaoServiceTest" name="deveDevolvoerNaSegundaAlugarnoSabado[Teste: [Descricao] Descricao 5]" time="0.001">
    <skipped/>
    <system-out>Antes do Metodo
67
depois do metodo
</system-out>
  </testcase>
  <testcase classname="Locacao.services.LocacaoServiceTest" name="deveLocarcomPromocaoPara3Filmes[Teste: [Descricao] Descricao 5]" time="0.002"/>
  <testcase classname="Locacao.services.LocacaoServiceTest" name="testeLocacaoErrorCollector[Teste: [Descricao] Descricao 5]" time="0.002"/>
  <testcase classname="Locacao.services.LocacaoServiceTest" name="naoDeveAlugarFilmeParaUsuariosNegativados[Teste: [Descricao] Descricao 6]" time="0.004"/>
  <testcase classname="Locacao.services.LocacaoServiceTest" name="deveLocarcomPromocaoPara4Filmes[Teste: [Descricao] Descricao 6]" time="0.002"/>
  <testcase classname="Locacao.services.LocacaoServiceTest" name="deveAlugarFilmeParaUsuariosNaoNegativados[Teste: [Descricao] Descricao 6]" time="0.002"/>
  <testcase classname="Locacao.services.LocacaoServiceTest" name="deveLocarcomPromocaoPara5Filmes[Teste: [Descricao] Descricao 6]" time="0.008"/>
  <testcase classname="Locacao.services.LocacaoServiceTest" name="deveEnviarEmailParaLocacoesAtrasadas[Teste: [Descricao] Descricao 6]" time="0.005"/>
  <testcase classname="Locacao.services.LocacaoServiceTest" name="asserts[Teste: [Descricao] Descricao 6]" time="0.007"/>
  <testcase classname="Locacao.services.LocacaoServiceTest" name="testeLocacaoSemEstoqueNovaSemNomedoFilme[Teste: [Descricao] Descricao 6]" time="0.003"/>
  <testcase classname="Locacao.services.LocacaoServiceTest" name="testeLocacaoSemEstoqueRobustaSemNomeUsuario[Teste: [Descricao] Descricao 6]" time="0.003"/>
  <testcase classname="Locacao.services.LocacaoServiceTest" name="deveLocarcomPromocaoPara6Filmes[Teste: [Descricao] Descricao 6]" time="0.002"/>
  <testcase classname="Locacao.services.LocacaoServiceTest" name="testeLocacaoSemEstoqueElegante[Teste: [Descricao] Descricao 6]" time="0.002"/>
  <testcase classname="Locacao.services.LocacaoServiceTest" name="deveLocarcomPromocaoPara2Filmes[Teste: [Descricao] Descricao 6]" time="0.01"/>
  <testcase classname="Locacao.services.LocacaoServiceTest" name="deveDevolvoerNaSegundaAlugarnoSabado[Teste: [Descricao] Descricao 6]" time="0.008">
    <skipped/>
    <system-out>Antes do Metodo
81
depois do metodo
</system-out>
  </testcase>
  <testcase classname="Locacao.services.LocacaoServiceTest" name="deveLocarcomPromocaoPara3Filmes[Teste: [Descricao] Descricao 6]" time="0.012"/>
  <testcase classname="Locacao.services.LocacaoServiceTest" name="testeLocacaoErrorCollector[Teste: [Descricao] Descricao 6]" time="0.005"/>
</testsuite>