<?xml version="1.0" encoding="UTF-8" ?>
<testsuite tests="6" failures="0" name="servicos.LocacaoServiceTest" time="0.063" errors="0" skipped="0">
  <properties>
[...]
</properties>
  <testcase classname="servicos.LocacaoServiceTest" name="testeLocacao" time="0.044"/>
  <testcase classname="servicos.LocacaoServiceTest" name="asserts" time="0"/>
  <testcase classname="servicos.LocacaoServiceTest" name="testeLocacaoSemEstoqueNovaSemNomedoFilme" time="0.012"/>
  <testcase classname="servicos.LocacaoServiceTest" name="testeLocacaoSemEstoqueRobustaSemNomeUsuario" time="0.001"/>
  <testcase classname="servicos.LocacaoServiceTest" name="testeLocacaoSemEstoqueElegante" time="0"/>
  <testcase classname="servicos.LocacaoServiceTest" name="testeLocacaoErrorCollector" time="0.006"/>
</testsuite>